# JRE version: Java(TM) SE Runtime Environment (8.0_161-b12) (build 1.8.0_161-b12)
# Java VM: Java HotSpot(TM) 64-Bit Server VM (25.161-b12 mixed mode windows-amd64 compressed oops)
Heap:
 PSYoungGen      total 359936K, used 24501K [0x00000000d6300000, 0x00000000efa80000, 0x0000000100000000)
  eden space 333824K, 7% used [0x00000000d6300000,0x00000000d7aed4d8,0x00000000ea900000)
  from space 26112K, 0% used [0x00000000ea900000,0x00000000ea900000,0x00000000ec280000)
  to   space 28672K, 0% used [0x00000000ede80000,0x00000000ede80000,0x00000000efa80000)
 ParOldGen       total 211456K, used 55394K [0x0000000082800000, 0x000000008f680000, 0x00000000d6300000)
  object space 211456K, 26% used [0x0000000082800000,0x0000000085e18b58,0x000000008f680000)
 Metaspace       used 57061K, capacity 59476K, committed 59672K, reserved 1101824K
  class space    used 7316K, capacity 7773K, committed 7808K, reserved 1048576K
GC Heap History (10 events):
Event: 11.534 GC heap before
{Heap before GC invocations=8 (full 1):
 PSYoungGen      total 280576K, used 123681K [0x00000000d6300000, 0x00000000e8a00000, 0x0000000100000000)
  eden space 262144K, 47% used [0x00000000d6300000,0x00000000ddbc8768,0x00000000e6300000)
  from space 18432K, 0% used [0x00000000e7800000,0x00000000e7800000,0x00000000e8a00000)
  to   space 19968K, 0% used [0x00000000e6300000,0x00000000e6300000,0x00000000e7680000)
 ParOldGen       total 105472K, used 36053K [0x0000000082800000, 0x0000000088f00000, 0x00000000d6300000)
  object space 105472K, 34% used [0x0000000082800000,0x0000000084b35798,0x0000000088f00000)
 Metaspace       used 34342K, capacity 35314K, committed 35496K, reserved 1081344K
  class space    used 4320K, capacity 4582K, committed 4608K, reserved 1048576K
Event: 11.546 GC heap after
Heap after GC invocations=8 (full 1):
 PSYoungGen      total 282112K, used 13501K [0x00000000d6300000, 0x00000000edc00000, 0x0000000100000000)
  eden space 262144K, 0% used [0x00000000d6300000,0x00000000d6300000,0x00000000e6300000)
  from space 19968K, 67% used [0x00000000e6300000,0x00000000e702f7b0,0x00000000e7680000)
  to   space 19968K, 0% used [0x00000000ec880000,0x00000000ec880000,0x00000000edc00000)
 ParOldGen       total 105472K, used 36125K [0x0000000082800000, 0x0000000088f00000, 0x00000000d6300000)
  object space 105472K, 34% used [0x0000000082800000,0x0000000084b477a8,0x0000000088f00000)
 Metaspace       used 34342K, capacity 35314K, committed 35496K, reserved 1081344K
  class space    used 4320K, capacity 4582K, committed 4608K, reserved 1048576K
}
Event: 11.546 GC heap before
{Heap before GC invocations=9 (full 2):
 PSYoungGen      total 282112K, used 13501K [0x00000000d6300000, 0x00000000edc00000, 0x0000000100000000)
  eden space 262144K, 0% used [0x00000000d6300000,0x00000000d6300000,0x00000000e6300000)
  from space 19968K, 67% used [0x00000000e6300000,0x00000000e702f7b0,0x00000000e7680000)
  to   space 19968K, 0% used [0x00000000ec880000,0x00000000ec880000,0x00000000edc00000)
 ParOldGen       total 105472K, used 36125K [0x0000000082800000, 0x0000000088f00000, 0x00000000d6300000)
  object space 105472K, 34% used [0x0000000082800000,0x0000000084b477a8,0x0000000088f00000)
 Metaspace       used 34342K, capacity 35314K, committed 35496K, reserved 1081344K
  class space    used 4320K, capacity 4582K, committed 4608K, reserved 1048576K
Event: 11.687 GC heap after
Heap after GC invocations=9 (full 2):
 PSYoungGen      total 282112K, used 0K [0x00000000d6300000, 0x00000000edc00000, 0x0000000100000000)
  eden space 262144K, 0% used [0x00000000d6300000,0x00000000d6300000,0x00000000e6300000)
  from space 19968K, 0% used [0x00000000e6300000,0x00000000e6300000,0x00000000e7680000)
  to   space 19968K, 0% used [0x00000000ec880000,0x00000000ec880000,0x00000000edc00000)
 ParOldGen       total 152576K, used 42119K [0x0000000082800000, 0x000000008bd00000, 0x00000000d6300000)
  object space 152576K, 27% used [0x0000000082800000,0x0000000085121fe0,0x000000008bd00000)
 Metaspace       used 34341K, capacity 35308K, committed 35496K, reserved 1081344K
  class space    used 4319K, capacity 4581K, committed 4608K, reserved 1048576K
}
Event: 17.962 GC heap before
{Heap before GC invocations=10 (full 2):
 PSYoungGen      total 282112K, used 262144K [0x00000000d6300000, 0x00000000edc00000, 0x0000000100000000)
  eden space 262144K, 100% used [0x00000000d6300000,0x00000000e6300000,0x00000000e6300000)
  from space 19968K, 0% used [0x00000000e6300000,0x00000000e6300000,0x00000000e7680000)
  to   space 19968K, 0% used [0x00000000ec880000,0x00000000ec880000,0x00000000edc00000)
 ParOldGen       total 152576K, used 42119K [0x0000000082800000, 0x000000008bd00000, 0x00000000d6300000)
  object space 152576K, 27% used [0x0000000082800000,0x0000000085121fe0,0x000000008bd00000)
 Metaspace       used 50639K, capacity 52630K, committed 52736K, reserved 1095680K
  class space    used 6448K, capacity 6888K, committed 6912K, reserved 1048576K
Event: 18.001 GC heap after
Heap after GC invocations=10 (full 2):
 PSYoungGen      total 338432K, used 19946K [0x00000000d6300000, 0x00000000edc00000, 0x0000000100000000)
  eden space 318464K, 0% used [0x00000000d6300000,0x00000000d6300000,0x00000000e9a00000)
  from space 19968K, 99% used [0x00000000ec880000,0x00000000edbfa878,0x00000000edc00000)
  to   space 26112K, 0% used [0x00000000ea900000,0x00000000ea900000,0x00000000ec280000)
 ParOldGen       total 152576K, used 49833K [0x0000000082800000, 0x000000008bd00000, 0x00000000d6300000)
  object space 152576K, 32% used [0x0000000082800000,0x00000000858aa5c8,0x000000008bd00000)
 Metaspace       used 50639K, capacity 52630K, committed 52736K, reserved 1095680K
  class space    used 6448K, capacity 6888K, committed 6912K, reserved 1048576K
}
Event: 20.520 GC heap before
{Heap before GC invocations=11 (full 2):
 PSYoungGen      total 338432K, used 135229K [0x00000000d6300000, 0x00000000edc00000, 0x0000000100000000)
  eden space 318464K, 36% used [0x00000000d6300000,0x00000000dd394de8,0x00000000e9a00000)
  from space 19968K, 99% used [0x00000000ec880000,0x00000000edbfa878,0x00000000edc00000)
  to   space 26112K, 0% used [0x00000000ea900000,0x00000000ea900000,0x00000000ec280000)
 ParOldGen       total 152576K, used 49833K [0x0000000082800000, 0x000000008bd00000, 0x00000000d6300000)
  object space 152576K, 32% used [0x0000000082800000,0x00000000858aa5c8,0x000000008bd00000)
 Metaspace       used 56701K, capacity 59048K, committed 59160K, reserved 1101824K
  class space    used 7252K, capacity 7739K, committed 7808K, reserved 1048576K
Event: 20.546 GC heap after
Heap after GC invocations=11 (full 2):
 PSYoungGen      total 359936K, used 23273K [0x00000000d6300000, 0x00000000efa80000, 0x0000000100000000)
  eden space 333824K, 0% used [0x00000000d6300000,0x00000000d6300000,0x00000000ea900000)
  from space 26112K, 89% used [0x00000000ea900000,0x00000000ebfba6a0,0x00000000ec280000)
  to   space 28672K, 0% used [0x00000000ede80000,0x00000000ede80000,0x00000000efa80000)
 ParOldGen       total 152576K, used 49841K [0x0000000082800000, 0x000000008bd00000, 0x00000000d6300000)
  object space 152576K, 32% used [0x0000000082800000,0x00000000858ac5c8,0x000000008bd00000)
 Metaspace       used 56701K, capacity 59048K, committed 59160K, reserved 1101824K
  class space    used 7252K, capacity 7739K, committed 7808K, reserved 1048576K
}
Event: 20.546 GC heap before
{Heap before GC invocations=12 (full 3):
 PSYoungGen      total 359936K, used 23273K [0x00000000d6300000, 0x00000000efa80000, 0x0000000100000000)
  eden space 333824K, 0% used [0x00000000d6300000,0x00000000d6300000,0x00000000ea900000)
  from space 26112K, 89% used [0x00000000ea900000,0x00000000ebfba6a0,0x00000000ec280000)
  to   space 28672K, 0% used [0x00000000ede80000,0x00000000ede80000,0x00000000efa80000)
 ParOldGen       total 152576K, used 49841K [0x0000000082800000, 0x000000008bd00000, 0x00000000d6300000)
  object space 152576K, 32% used [0x0000000082800000,0x00000000858ac5c8,0x000000008bd00000)
 Metaspace       used 56701K, capacity 59048K, committed 59160K, reserved 1101824K
  class space    used 7252K, capacity 7739K, committed 7808K, reserved 1048576K
Event: 20.889 GC heap after
Heap after GC invocations=12 (full 3):
 PSYoungGen      total 359936K, used 0K [0x00000000d6300000, 0x00000000efa80000, 0x0000000100000000)
  eden space 333824K, 0% used [0x00000000d6300000,0x00000000d6300000,0x00000000ea900000)
  from space 26112K, 0% used [0x00000000ea900000,0x00000000ea900000,0x00000000ec280000)
  to   space 28672K, 0% used [0x00000000ede80000,0x00000000ede80000,0x00000000efa80000)
 ParOldGen       total 211456K, used 55394K [0x0000000082800000, 0x000000008f680000, 0x00000000d6300000)
  object space 211456K, 26% used [0x0000000082800000,0x0000000085e18b58,0x000000008f680000)
 Metaspace       used 56701K, capacity 59048K, committed 59160K, reserved 1101824K
  class space    used 7252K, capacity 7739K, committed 7808K, reserved 1048576K
}

